INFO:  latexindent.exe version 3.22.2, 2023-07-14, a script to indent .tex files
       latexindent.exe lives here: C:/Portable/bin/
       Sat Nov 18 14:31:14 2023
       Filename: c:/Konsl/Schule/Informatik/Kl. 11/BWInf/42.1/A1_Arukone/doc/sections/__latexindent_temp_2_implementation.tex
INFO:  Processing switches:
       -y|--yaml: YAML settings specified via command line
       -c|--cruft: cruft directory
INFO:  Directory for backup files and c:/Konsl/Schule/Informatik/Kl. 11/BWInf/42.1/A1_Arukone/doc//indent.log:
       c:/Konsl/Schule/Informatik/Kl. 11/BWInf/42.1/A1_Arukone/doc/
INFO:  YAML settings read: defaultSettings.yaml
       Reading defaultSettings.yaml from C:/Portable/bin/defaultSettings.yaml
       Reading defaultSettings.yaml (2nd attempt) from C:/Portable/bin/../../texmf-dist/scripts/latexindent/defaultSettings.yaml
       and then, if necessary, C:/Portable/bin/LatexIndent/defaultSettings.yaml
INFO:  YAML reading settings
       Home directory is C:\Users\Konsl
       latexindent.pl didn't find indentconfig.yaml or .indentconfig.yaml
       see all possible locations: https://latexindentpl.readthedocs.io/en/latest/sec-appendices.html#indentconfig-options)
INFO:  YAML settings read: -y switch
       YAML setting: defaultIndent:'      '
       single-quoted string found in -y switch: '      ', substitute to       
       Updating mainSettings with defaultIndent:       
INFO:  Phase 1: searching for objects
INFO:  Phase 2: finding surrounding indentation
INFO:  Phase 3: indenting objects
INFO:  Phase 4: final indentation check
INFO:  Output routine:
       Not outputting to file; see -w and -o switches for more options.
       --------------
INFO:  Please direct all communication/issues to:
        https://github.com/cmhughes/latexindent.pl
